mode: set
github.com/unforced/parachute-backend/internal/domain/registry/service.go:20.65,25.2 1 1
github.com/unforced/parachute-backend/internal/domain/registry/service.go:28.45,30.69 1 1
github.com/unforced/parachute-backend/internal/domain/registry/service.go:30.69,32.3 1 1
github.com/unforced/parachute-backend/internal/domain/registry/service.go:35.2,35.69 1 1
github.com/unforced/parachute-backend/internal/domain/registry/service.go:35.69,37.3 1 0
github.com/unforced/parachute-backend/internal/domain/registry/service.go:39.2,39.14 1 1
github.com/unforced/parachute-backend/internal/domain/registry/service.go:43.88,45.56 1 1
github.com/unforced/parachute-backend/internal/domain/registry/service.go:45.56,47.3 1 0
github.com/unforced/parachute-backend/internal/domain/registry/service.go:50.2,50.29 1 1
github.com/unforced/parachute-backend/internal/domain/registry/service.go:50.29,52.3 1 0
github.com/unforced/parachute-backend/internal/domain/registry/service.go:55.2,56.35 2 1
github.com/unforced/parachute-backend/internal/domain/registry/service.go:56.35,58.3 1 0
github.com/unforced/parachute-backend/internal/domain/registry/service.go:61.2,62.16 2 1
github.com/unforced/parachute-backend/internal/domain/registry/service.go:62.16,64.3 1 0
github.com/unforced/parachute-backend/internal/domain/registry/service.go:67.2,75.52 2 1
github.com/unforced/parachute-backend/internal/domain/registry/service.go:75.52,77.3 1 0
github.com/unforced/parachute-backend/internal/domain/registry/service.go:79.2,79.19 1 1
github.com/unforced/parachute-backend/internal/domain/registry/service.go:83.94,85.23 1 1
github.com/unforced/parachute-backend/internal/domain/registry/service.go:85.23,87.3 1 0
github.com/unforced/parachute-backend/internal/domain/registry/service.go:90.2,90.55 1 1
github.com/unforced/parachute-backend/internal/domain/registry/service.go:90.55,92.3 1 0
github.com/unforced/parachute-backend/internal/domain/registry/service.go:95.2,96.52 2 1
github.com/unforced/parachute-backend/internal/domain/registry/service.go:96.52,98.3 1 0
github.com/unforced/parachute-backend/internal/domain/registry/service.go:101.2,122.83 3 1
github.com/unforced/parachute-backend/internal/domain/registry/service.go:122.83,124.3 1 0
github.com/unforced/parachute-backend/internal/domain/registry/service.go:127.2,131.4 1 1
github.com/unforced/parachute-backend/internal/domain/registry/service.go:135.80,137.2 1 0
github.com/unforced/parachute-backend/internal/domain/registry/service.go:140.84,142.2 1 0
github.com/unforced/parachute-backend/internal/domain/registry/service.go:145.69,147.2 1 1
github.com/unforced/parachute-backend/internal/domain/registry/service.go:150.75,152.2 1 0
github.com/unforced/parachute-backend/internal/domain/registry/service.go:155.69,157.2 1 0
github.com/unforced/parachute-backend/internal/domain/registry/service.go:160.94,162.27 1 1
github.com/unforced/parachute-backend/internal/domain/registry/service.go:162.27,164.3 1 0
github.com/unforced/parachute-backend/internal/domain/registry/service.go:167.2,168.35 2 1
github.com/unforced/parachute-backend/internal/domain/registry/service.go:168.35,170.3 1 0
github.com/unforced/parachute-backend/internal/domain/registry/service.go:173.2,183.56 2 1
github.com/unforced/parachute-backend/internal/domain/registry/service.go:183.56,185.3 1 0
github.com/unforced/parachute-backend/internal/domain/registry/service.go:187.2,187.21 1 1
github.com/unforced/parachute-backend/internal/domain/registry/service.go:191.84,193.2 1 0
github.com/unforced/parachute-backend/internal/domain/registry/service.go:196.96,198.2 1 1
github.com/unforced/parachute-backend/internal/domain/registry/service.go:201.73,203.2 1 1
github.com/unforced/parachute-backend/internal/domain/registry/service.go:206.78,208.2 1 0
github.com/unforced/parachute-backend/internal/domain/registry/service.go:211.71,213.2 1 0
github.com/unforced/parachute-backend/internal/domain/registry/service.go:216.79,218.16 2 1
github.com/unforced/parachute-backend/internal/domain/registry/service.go:218.16,220.3 1 0
github.com/unforced/parachute-backend/internal/domain/registry/service.go:221.2,221.27 1 1
github.com/unforced/parachute-backend/internal/domain/registry/service.go:225.76,227.2 1 1
github.com/unforced/parachute-backend/internal/domain/registry/service.go:230.62,232.16 2 1
github.com/unforced/parachute-backend/internal/domain/registry/service.go:232.16,234.3 1 0
github.com/unforced/parachute-backend/internal/domain/registry/service.go:235.2,235.47 1 1
github.com/unforced/parachute-backend/internal/domain/registry/service.go:239.63,241.16 2 1
github.com/unforced/parachute-backend/internal/domain/registry/service.go:241.16,243.3 1 0
github.com/unforced/parachute-backend/internal/domain/registry/service.go:244.2,244.47 1 1
github.com/unforced/parachute-backend/cmd/server/main.go:19.13,23.18 3 0
github.com/unforced/parachute-backend/cmd/server/main.go:24.24,25.26 1 0
github.com/unforced/parachute-backend/cmd/server/main.go:26.44,27.25 1 0
github.com/unforced/parachute-backend/cmd/server/main.go:28.24,29.26 1 0
github.com/unforced/parachute-backend/cmd/server/main.go:30.10,31.25 1 0
github.com/unforced/parachute-backend/cmd/server/main.go:34.2,42.16 5 0
github.com/unforced/parachute-backend/cmd/server/main.go:42.16,44.3 1 0
github.com/unforced/parachute-backend/cmd/server/main.go:46.2,47.18 2 0
github.com/unforced/parachute-backend/cmd/server/main.go:47.18,49.3 1 0
github.com/unforced/parachute-backend/cmd/server/main.go:51.2,52.25 2 0
github.com/unforced/parachute-backend/cmd/server/main.go:52.25,55.17 2 0
github.com/unforced/parachute-backend/cmd/server/main.go:55.17,58.4 2 0
github.com/unforced/parachute-backend/cmd/server/main.go:59.3,59.41 1 0
github.com/unforced/parachute-backend/cmd/server/main.go:62.2,67.16 4 0
github.com/unforced/parachute-backend/cmd/server/main.go:67.16,70.3 2 0
github.com/unforced/parachute-backend/cmd/server/main.go:71.2,77.18 4 0
github.com/unforced/parachute-backend/cmd/server/main.go:77.18,79.3 1 0
github.com/unforced/parachute-backend/cmd/server/main.go:81.2,82.16 2 0
github.com/unforced/parachute-backend/cmd/server/main.go:82.16,86.3 3 0
github.com/unforced/parachute-backend/cmd/server/main.go:86.8,86.29 1 0
github.com/unforced/parachute-backend/cmd/server/main.go:86.29,91.17 3 0
github.com/unforced/parachute-backend/cmd/server/main.go:91.17,96.4 4 0
github.com/unforced/parachute-backend/cmd/server/main.go:96.9,98.4 1 0
github.com/unforced/parachute-backend/cmd/server/main.go:102.2,119.67 10 0
github.com/unforced/parachute-backend/cmd/server/main.go:119.67,121.3 1 0
github.com/unforced/parachute-backend/cmd/server/main.go:124.2,129.16 4 0
github.com/unforced/parachute-backend/cmd/server/main.go:129.16,132.3 2 0
github.com/unforced/parachute-backend/cmd/server/main.go:133.2,143.22 7 0
github.com/unforced/parachute-backend/cmd/server/main.go:143.22,145.3 1 0
github.com/unforced/parachute-backend/cmd/server/main.go:149.2,162.34 4 0
github.com/unforced/parachute-backend/cmd/server/main.go:162.34,165.3 2 0
github.com/unforced/parachute-backend/cmd/server/main.go:168.2,168.45 1 0
github.com/unforced/parachute-backend/cmd/server/main.go:168.45,175.3 1 0
github.com/unforced/parachute-backend/cmd/server/main.go:178.2,178.22 1 0
github.com/unforced/parachute-backend/cmd/server/main.go:178.22,181.3 2 0
github.com/unforced/parachute-backend/cmd/server/main.go:184.2,224.49 27 0
github.com/unforced/parachute-backend/cmd/server/main.go:224.49,226.20 2 0
github.com/unforced/parachute-backend/cmd/server/main.go:226.20,230.4 1 0
github.com/unforced/parachute-backend/cmd/server/main.go:232.3,233.17 2 0
github.com/unforced/parachute-backend/cmd/server/main.go:233.17,238.4 2 0
github.com/unforced/parachute-backend/cmd/server/main.go:241.3,241.19 1 0
github.com/unforced/parachute-backend/cmd/server/main.go:241.19,243.4 1 0
github.com/unforced/parachute-backend/cmd/server/main.go:245.3,247.5 1 0
github.com/unforced/parachute-backend/cmd/server/main.go:250.2,250.50 1 0
github.com/unforced/parachute-backend/cmd/server/main.go:250.50,252.48 2 0
github.com/unforced/parachute-backend/cmd/server/main.go:252.48,256.4 1 0
github.com/unforced/parachute-backend/cmd/server/main.go:258.3,259.17 2 0
github.com/unforced/parachute-backend/cmd/server/main.go:259.17,264.4 2 0
github.com/unforced/parachute-backend/cmd/server/main.go:266.3,266.50 1 0
github.com/unforced/parachute-backend/cmd/server/main.go:269.2,269.52 1 0
github.com/unforced/parachute-backend/cmd/server/main.go:269.52,271.15 2 0
github.com/unforced/parachute-backend/cmd/server/main.go:271.15,275.4 1 0
github.com/unforced/parachute-backend/cmd/server/main.go:277.3,280.46 2 0
github.com/unforced/parachute-backend/cmd/server/main.go:280.46,284.4 1 0
github.com/unforced/parachute-backend/cmd/server/main.go:286.3,286.23 1 0
github.com/unforced/parachute-backend/cmd/server/main.go:286.23,290.4 1 0
github.com/unforced/parachute-backend/cmd/server/main.go:292.3,293.17 2 0
github.com/unforced/parachute-backend/cmd/server/main.go:293.17,298.4 2 0
github.com/unforced/parachute-backend/cmd/server/main.go:300.3,300.22 1 0
github.com/unforced/parachute-backend/cmd/server/main.go:304.2,332.47 19 0
github.com/unforced/parachute-backend/cmd/server/main.go:332.47,335.3 2 0
github.com/unforced/parachute-backend/internal/domain/errors.go:11.40,13.2 1 0
github.com/unforced/parachute-backend/internal/domain/errors.go:16.59,18.2 1 0
github.com/unforced/parachute-backend/internal/domain/errors.go:26.42,27.19 1 0
github.com/unforced/parachute-backend/internal/domain/errors.go:27.19,29.3 1 0
github.com/unforced/parachute-backend/internal/domain/errors.go:30.2,30.18 1 0
github.com/unforced/parachute-backend/internal/domain/errors.go:34.65,36.2 1 0
github.com/unforced/parachute-backend/internal/domain/errors.go:44.40,46.2 1 0
github.com/unforced/parachute-backend/internal/domain/errors.go:49.64,51.2 1 0
github.com/unforced/parachute-backend/internal/domain/errors.go:58.44,59.21 1 0
github.com/unforced/parachute-backend/internal/domain/errors.go:59.21,61.3 1 0
github.com/unforced/parachute-backend/internal/domain/errors.go:62.2,62.23 1 0
github.com/unforced/parachute-backend/internal/domain/errors.go:66.62,68.2 1 0
github.com/unforced/parachute-backend/internal/domain/errors.go:76.41,77.21 1 0
github.com/unforced/parachute-backend/internal/domain/errors.go:77.21,79.3 1 0
github.com/unforced/parachute-backend/internal/domain/errors.go:80.2,80.61 1 0
github.com/unforced/parachute-backend/internal/domain/errors.go:84.66,86.2 1 0
github.com/unforced/parachute-backend/internal/storage/sqlite/conversation_repository.go:18.68,20.2 1 0
github.com/unforced/parachute-backend/internal/storage/sqlite/conversation_repository.go:23.113,37.16 3 0
github.com/unforced/parachute-backend/internal/storage/sqlite/conversation_repository.go:37.16,39.3 1 0
github.com/unforced/parachute-backend/internal/storage/sqlite/conversation_repository.go:41.2,41.12 1 0
github.com/unforced/parachute-backend/internal/storage/sqlite/conversation_repository.go:45.118,63.26 5 0
github.com/unforced/parachute-backend/internal/storage/sqlite/conversation_repository.go:63.26,65.3 1 0
github.com/unforced/parachute-backend/internal/storage/sqlite/conversation_repository.go:66.2,66.16 1 0
github.com/unforced/parachute-backend/internal/storage/sqlite/conversation_repository.go:66.16,68.3 1 0
github.com/unforced/parachute-backend/internal/storage/sqlite/conversation_repository.go:70.2,73.19 3 0
github.com/unforced/parachute-backend/internal/storage/sqlite/conversation_repository.go:77.127,86.16 3 0
github.com/unforced/parachute-backend/internal/storage/sqlite/conversation_repository.go:86.16,88.3 1 0
github.com/unforced/parachute-backend/internal/storage/sqlite/conversation_repository.go:89.2,93.18 3 0
github.com/unforced/parachute-backend/internal/storage/sqlite/conversation_repository.go:93.18,104.17 4 0
github.com/unforced/parachute-backend/internal/storage/sqlite/conversation_repository.go:104.17,106.4 1 0
github.com/unforced/parachute-backend/internal/storage/sqlite/conversation_repository.go:108.3,111.47 3 0
github.com/unforced/parachute-backend/internal/storage/sqlite/conversation_repository.go:114.2,114.35 1 0
github.com/unforced/parachute-backend/internal/storage/sqlite/conversation_repository.go:114.35,116.3 1 0
github.com/unforced/parachute-backend/internal/storage/sqlite/conversation_repository.go:118.2,118.27 1 0
github.com/unforced/parachute-backend/internal/storage/sqlite/conversation_repository.go:122.113,137.16 4 0
github.com/unforced/parachute-backend/internal/storage/sqlite/conversation_repository.go:137.16,139.3 1 0
github.com/unforced/parachute-backend/internal/storage/sqlite/conversation_repository.go:141.2,142.16 2 0
github.com/unforced/parachute-backend/internal/storage/sqlite/conversation_repository.go:142.16,144.3 1 0
github.com/unforced/parachute-backend/internal/storage/sqlite/conversation_repository.go:146.2,146.15 1 0
github.com/unforced/parachute-backend/internal/storage/sqlite/conversation_repository.go:146.15,148.3 1 0
github.com/unforced/parachute-backend/internal/storage/sqlite/conversation_repository.go:150.2,150.12 1 0
github.com/unforced/parachute-backend/internal/storage/sqlite/conversation_repository.go:154.91,158.16 3 0
github.com/unforced/parachute-backend/internal/storage/sqlite/conversation_repository.go:158.16,160.3 1 0
github.com/unforced/parachute-backend/internal/storage/sqlite/conversation_repository.go:162.2,163.16 2 0
github.com/unforced/parachute-backend/internal/storage/sqlite/conversation_repository.go:163.16,165.3 1 0
github.com/unforced/parachute-backend/internal/storage/sqlite/conversation_repository.go:167.2,167.15 1 0
github.com/unforced/parachute-backend/internal/storage/sqlite/conversation_repository.go:167.15,169.3 1 0
github.com/unforced/parachute-backend/internal/storage/sqlite/conversation_repository.go:171.2,171.12 1 0
github.com/unforced/parachute-backend/internal/storage/sqlite/conversation_repository.go:175.102,190.16 3 0
github.com/unforced/parachute-backend/internal/storage/sqlite/conversation_repository.go:190.16,192.3 1 0
github.com/unforced/parachute-backend/internal/storage/sqlite/conversation_repository.go:194.2,194.12 1 0
github.com/unforced/parachute-backend/internal/storage/sqlite/conversation_repository.go:198.108,218.26 6 0
github.com/unforced/parachute-backend/internal/storage/sqlite/conversation_repository.go:218.26,220.3 1 0
github.com/unforced/parachute-backend/internal/storage/sqlite/conversation_repository.go:221.2,221.16 1 0
github.com/unforced/parachute-backend/internal/storage/sqlite/conversation_repository.go:221.16,223.3 1 0
github.com/unforced/parachute-backend/internal/storage/sqlite/conversation_repository.go:225.2,226.20 2 0
github.com/unforced/parachute-backend/internal/storage/sqlite/conversation_repository.go:226.20,228.3 1 0
github.com/unforced/parachute-backend/internal/storage/sqlite/conversation_repository.go:230.2,230.18 1 0
github.com/unforced/parachute-backend/internal/storage/sqlite/conversation_repository.go:234.124,243.16 3 0
github.com/unforced/parachute-backend/internal/storage/sqlite/conversation_repository.go:243.16,245.3 1 0
github.com/unforced/parachute-backend/internal/storage/sqlite/conversation_repository.go:246.2,250.18 3 0
github.com/unforced/parachute-backend/internal/storage/sqlite/conversation_repository.go:250.18,263.17 5 0
github.com/unforced/parachute-backend/internal/storage/sqlite/conversation_repository.go:263.17,265.4 1 0
github.com/unforced/parachute-backend/internal/storage/sqlite/conversation_repository.go:267.3,268.21 2 0
github.com/unforced/parachute-backend/internal/storage/sqlite/conversation_repository.go:268.21,270.4 1 0
github.com/unforced/parachute-backend/internal/storage/sqlite/conversation_repository.go:272.3,272.36 1 0
github.com/unforced/parachute-backend/internal/storage/sqlite/conversation_repository.go:275.2,275.35 1 0
github.com/unforced/parachute-backend/internal/storage/sqlite/conversation_repository.go:275.35,277.3 1 0
github.com/unforced/parachute-backend/internal/storage/sqlite/conversation_repository.go:279.2,279.22 1 0
github.com/unforced/parachute-backend/internal/storage/sqlite/conversation_repository.go:283.86,287.16 3 0
github.com/unforced/parachute-backend/internal/storage/sqlite/conversation_repository.go:287.16,289.3 1 0
github.com/unforced/parachute-backend/internal/storage/sqlite/conversation_repository.go:291.2,292.16 2 0
github.com/unforced/parachute-backend/internal/storage/sqlite/conversation_repository.go:292.16,294.3 1 0
github.com/unforced/parachute-backend/internal/storage/sqlite/conversation_repository.go:296.2,296.15 1 0
github.com/unforced/parachute-backend/internal/storage/sqlite/conversation_repository.go:296.15,298.3 1 0
github.com/unforced/parachute-backend/internal/storage/sqlite/conversation_repository.go:300.2,300.12 1 0
github.com/unforced/parachute-backend/internal/storage/sqlite/database.go:17.50,20.16 2 0
github.com/unforced/parachute-backend/internal/storage/sqlite/database.go:20.16,22.3 1 0
github.com/unforced/parachute-backend/internal/storage/sqlite/database.go:26.2,30.62 3 0
github.com/unforced/parachute-backend/internal/storage/sqlite/database.go:30.62,33.3 2 0
github.com/unforced/parachute-backend/internal/storage/sqlite/database.go:36.2,36.61 1 0
github.com/unforced/parachute-backend/internal/storage/sqlite/database.go:36.61,39.3 2 0
github.com/unforced/parachute-backend/internal/storage/sqlite/database.go:42.2,42.42 1 0
github.com/unforced/parachute-backend/internal/storage/sqlite/database.go:42.42,45.3 2 0
github.com/unforced/parachute-backend/internal/storage/sqlite/database.go:47.2,47.31 1 0
github.com/unforced/parachute-backend/internal/storage/sqlite/database.go:51.34,53.2 1 0
github.com/unforced/parachute-backend/internal/storage/sqlite/database.go:56.22,58.2 1 0
github.com/unforced/parachute-backend/internal/storage/sqlite/migrations.go:132.38,135.16 2 0
github.com/unforced/parachute-backend/internal/storage/sqlite/migrations.go:135.16,137.3 1 0
github.com/unforced/parachute-backend/internal/storage/sqlite/migrations.go:140.2,140.39 1 0
github.com/unforced/parachute-backend/internal/storage/sqlite/migrations.go:140.39,141.41 1 0
github.com/unforced/parachute-backend/internal/storage/sqlite/migrations.go:141.41,142.56 1 0
github.com/unforced/parachute-backend/internal/storage/sqlite/migrations.go:142.56,144.5 1 0
github.com/unforced/parachute-backend/internal/storage/sqlite/migrations.go:148.2,148.12 1 0
github.com/unforced/parachute-backend/internal/storage/sqlite/migrations.go:152.49,159.16 3 0
github.com/unforced/parachute-backend/internal/storage/sqlite/migrations.go:159.16,161.3 1 0
github.com/unforced/parachute-backend/internal/storage/sqlite/migrations.go:163.2,163.16 1 0
github.com/unforced/parachute-backend/internal/storage/sqlite/migrations.go:163.16,166.3 1 0
github.com/unforced/parachute-backend/internal/storage/sqlite/migrations.go:169.2,171.16 3 0
github.com/unforced/parachute-backend/internal/storage/sqlite/migrations.go:171.16,173.3 1 0
github.com/unforced/parachute-backend/internal/storage/sqlite/migrations.go:175.2,175.20 1 0
github.com/unforced/parachute-backend/internal/storage/sqlite/migrations.go:175.20,177.3 1 0
github.com/unforced/parachute-backend/internal/storage/sqlite/migrations.go:179.2,179.32 1 0
github.com/unforced/parachute-backend/internal/storage/sqlite/migrations.go:183.60,185.16 2 0
github.com/unforced/parachute-backend/internal/storage/sqlite/migrations.go:185.16,187.3 1 0
github.com/unforced/parachute-backend/internal/storage/sqlite/migrations.go:188.2,191.50 2 0
github.com/unforced/parachute-backend/internal/storage/sqlite/migrations.go:191.50,193.3 1 0
github.com/unforced/parachute-backend/internal/storage/sqlite/migrations.go:196.2,200.16 2 0
github.com/unforced/parachute-backend/internal/storage/sqlite/migrations.go:200.16,202.3 1 0
github.com/unforced/parachute-backend/internal/storage/sqlite/migrations.go:204.2,204.20 1 0
github.com/unforced/parachute-backend/internal/storage/sqlite/registry_repository.go:18.60,20.2 1 0
github.com/unforced/parachute-backend/internal/storage/sqlite/registry_repository.go:23.89,33.16 3 0
github.com/unforced/parachute-backend/internal/storage/sqlite/registry_repository.go:33.16,35.3 1 0
github.com/unforced/parachute-backend/internal/storage/sqlite/registry_repository.go:36.2,36.12 1 0
github.com/unforced/parachute-backend/internal/storage/sqlite/registry_repository.go:40.100,49.26 4 0
github.com/unforced/parachute-backend/internal/storage/sqlite/registry_repository.go:49.26,51.3 1 0
github.com/unforced/parachute-backend/internal/storage/sqlite/registry_repository.go:52.2,52.16 1 0
github.com/unforced/parachute-backend/internal/storage/sqlite/registry_repository.go:52.16,54.3 1 0
github.com/unforced/parachute-backend/internal/storage/sqlite/registry_repository.go:56.2,57.24 2 0
github.com/unforced/parachute-backend/internal/storage/sqlite/registry_repository.go:57.24,59.3 1 0
github.com/unforced/parachute-backend/internal/storage/sqlite/registry_repository.go:61.2,61.19 1 0
github.com/unforced/parachute-backend/internal/storage/sqlite/registry_repository.go:65.104,74.26 4 0
github.com/unforced/parachute-backend/internal/storage/sqlite/registry_repository.go:74.26,76.3 1 0
github.com/unforced/parachute-backend/internal/storage/sqlite/registry_repository.go:77.2,77.16 1 0
github.com/unforced/parachute-backend/internal/storage/sqlite/registry_repository.go:77.16,79.3 1 0
github.com/unforced/parachute-backend/internal/storage/sqlite/registry_repository.go:81.2,82.24 2 0
github.com/unforced/parachute-backend/internal/storage/sqlite/registry_repository.go:82.24,84.3 1 0
github.com/unforced/parachute-backend/internal/storage/sqlite/registry_repository.go:86.2,86.19 1 0
github.com/unforced/parachute-backend/internal/storage/sqlite/registry_repository.go:90.89,96.16 2 0
github.com/unforced/parachute-backend/internal/storage/sqlite/registry_repository.go:96.16,98.3 1 0
github.com/unforced/parachute-backend/internal/storage/sqlite/registry_repository.go:99.2,102.18 3 0
github.com/unforced/parachute-backend/internal/storage/sqlite/registry_repository.go:102.18,107.17 4 0
github.com/unforced/parachute-backend/internal/storage/sqlite/registry_repository.go:107.17,109.4 1 0
github.com/unforced/parachute-backend/internal/storage/sqlite/registry_repository.go:111.3,112.25 2 0
github.com/unforced/parachute-backend/internal/storage/sqlite/registry_repository.go:112.25,114.4 1 0
github.com/unforced/parachute-backend/internal/storage/sqlite/registry_repository.go:116.3,116.33 1 0
github.com/unforced/parachute-backend/internal/storage/sqlite/registry_repository.go:119.2,119.20 1 0
github.com/unforced/parachute-backend/internal/storage/sqlite/registry_repository.go:123.86,128.16 2 0
github.com/unforced/parachute-backend/internal/storage/sqlite/registry_repository.go:128.16,130.3 1 0
github.com/unforced/parachute-backend/internal/storage/sqlite/registry_repository.go:131.2,131.12 1 0
github.com/unforced/parachute-backend/internal/storage/sqlite/registry_repository.go:135.80,137.16 2 0
github.com/unforced/parachute-backend/internal/storage/sqlite/registry_repository.go:137.16,139.3 1 0
github.com/unforced/parachute-backend/internal/storage/sqlite/registry_repository.go:140.2,140.12 1 0
github.com/unforced/parachute-backend/internal/storage/sqlite/registry_repository.go:144.95,151.16 2 0
github.com/unforced/parachute-backend/internal/storage/sqlite/registry_repository.go:151.16,153.3 1 0
github.com/unforced/parachute-backend/internal/storage/sqlite/registry_repository.go:154.2,154.12 1 0
github.com/unforced/parachute-backend/internal/storage/sqlite/registry_repository.go:158.104,168.26 4 0
github.com/unforced/parachute-backend/internal/storage/sqlite/registry_repository.go:168.26,170.3 1 0
github.com/unforced/parachute-backend/internal/storage/sqlite/registry_repository.go:171.2,171.16 1 0
github.com/unforced/parachute-backend/internal/storage/sqlite/registry_repository.go:171.16,173.3 1 0
github.com/unforced/parachute-backend/internal/storage/sqlite/registry_repository.go:175.2,176.21 2 0
github.com/unforced/parachute-backend/internal/storage/sqlite/registry_repository.go:180.116,190.26 4 0
github.com/unforced/parachute-backend/internal/storage/sqlite/registry_repository.go:190.26,192.3 1 0
github.com/unforced/parachute-backend/internal/storage/sqlite/registry_repository.go:193.2,193.16 1 0
github.com/unforced/parachute-backend/internal/storage/sqlite/registry_repository.go:193.16,195.3 1 0
github.com/unforced/parachute-backend/internal/storage/sqlite/registry_repository.go:197.2,198.21 2 0
github.com/unforced/parachute-backend/internal/storage/sqlite/registry_repository.go:202.93,208.16 2 0
github.com/unforced/parachute-backend/internal/storage/sqlite/registry_repository.go:208.16,210.3 1 0
github.com/unforced/parachute-backend/internal/storage/sqlite/registry_repository.go:211.2,214.18 3 0
github.com/unforced/parachute-backend/internal/storage/sqlite/registry_repository.go:214.18,220.17 4 0
github.com/unforced/parachute-backend/internal/storage/sqlite/registry_repository.go:220.17,222.4 1 0
github.com/unforced/parachute-backend/internal/storage/sqlite/registry_repository.go:224.3,225.39 2 0
github.com/unforced/parachute-backend/internal/storage/sqlite/registry_repository.go:228.2,228.22 1 0
github.com/unforced/parachute-backend/internal/storage/sqlite/registry_repository.go:232.98,240.16 2 0
github.com/unforced/parachute-backend/internal/storage/sqlite/registry_repository.go:240.16,242.3 1 0
github.com/unforced/parachute-backend/internal/storage/sqlite/registry_repository.go:243.2,243.12 1 0
github.com/unforced/parachute-backend/internal/storage/sqlite/registry_repository.go:247.82,249.16 2 0
github.com/unforced/parachute-backend/internal/storage/sqlite/registry_repository.go:249.16,251.3 1 0
github.com/unforced/parachute-backend/internal/storage/sqlite/registry_repository.go:252.2,252.12 1 0
github.com/unforced/parachute-backend/internal/storage/sqlite/registry_repository.go:256.101,263.26 3 0
github.com/unforced/parachute-backend/internal/storage/sqlite/registry_repository.go:263.26,265.3 1 0
github.com/unforced/parachute-backend/internal/storage/sqlite/registry_repository.go:266.2,266.16 1 0
github.com/unforced/parachute-backend/internal/storage/sqlite/registry_repository.go:266.16,268.3 1 0
github.com/unforced/parachute-backend/internal/storage/sqlite/registry_repository.go:270.2,270.21 1 0
github.com/unforced/parachute-backend/internal/storage/sqlite/registry_repository.go:274.87,280.16 2 0
github.com/unforced/parachute-backend/internal/storage/sqlite/registry_repository.go:280.16,282.3 1 0
github.com/unforced/parachute-backend/internal/storage/sqlite/registry_repository.go:283.2,283.12 1 0
github.com/unforced/parachute-backend/internal/storage/sqlite/registry_repository.go:287.93,289.16 2 0
github.com/unforced/parachute-backend/internal/storage/sqlite/registry_repository.go:289.16,291.3 1 0
github.com/unforced/parachute-backend/internal/storage/sqlite/registry_repository.go:292.2,295.18 3 0
github.com/unforced/parachute-backend/internal/storage/sqlite/registry_repository.go:295.18,297.65 2 0
github.com/unforced/parachute-backend/internal/storage/sqlite/registry_repository.go:297.65,299.4 1 0
github.com/unforced/parachute-backend/internal/storage/sqlite/registry_repository.go:300.3,300.39 1 0
github.com/unforced/parachute-backend/internal/storage/sqlite/registry_repository.go:303.2,303.22 1 0
github.com/unforced/parachute-backend/internal/storage/sqlite/registry_repository.go:307.48,308.16 1 0
github.com/unforced/parachute-backend/internal/storage/sqlite/registry_repository.go:308.16,310.3 1 0
github.com/unforced/parachute-backend/internal/storage/sqlite/registry_repository.go:311.2,311.52 1 0
github.com/unforced/parachute-backend/internal/storage/sqlite/space_repository.go:18.54,20.2 1 0
github.com/unforced/parachute-backend/internal/storage/sqlite/space_repository.go:23.77,40.16 3 0
github.com/unforced/parachute-backend/internal/storage/sqlite/space_repository.go:40.16,42.3 1 0
github.com/unforced/parachute-backend/internal/storage/sqlite/space_repository.go:44.2,44.12 1 0
github.com/unforced/parachute-backend/internal/storage/sqlite/space_repository.go:48.89,69.26 5 0
github.com/unforced/parachute-backend/internal/storage/sqlite/space_repository.go:69.26,71.3 1 0
github.com/unforced/parachute-backend/internal/storage/sqlite/space_repository.go:72.2,72.16 1 0
github.com/unforced/parachute-backend/internal/storage/sqlite/space_repository.go:72.16,74.3 1 0
github.com/unforced/parachute-backend/internal/storage/sqlite/space_repository.go:76.2,79.16 3 0
github.com/unforced/parachute-backend/internal/storage/sqlite/space_repository.go:83.93,104.26 5 0
github.com/unforced/parachute-backend/internal/storage/sqlite/space_repository.go:104.26,106.3 1 0
github.com/unforced/parachute-backend/internal/storage/sqlite/space_repository.go:107.2,107.16 1 0
github.com/unforced/parachute-backend/internal/storage/sqlite/space_repository.go:107.16,109.3 1 0
github.com/unforced/parachute-backend/internal/storage/sqlite/space_repository.go:111.2,114.16 3 0
github.com/unforced/parachute-backend/internal/storage/sqlite/space_repository.go:118.92,127.16 3 0
github.com/unforced/parachute-backend/internal/storage/sqlite/space_repository.go:127.16,129.3 1 0
github.com/unforced/parachute-backend/internal/storage/sqlite/space_repository.go:130.2,134.18 3 0
github.com/unforced/parachute-backend/internal/storage/sqlite/space_repository.go:134.18,148.17 4 0
github.com/unforced/parachute-backend/internal/storage/sqlite/space_repository.go:148.17,150.4 1 0
github.com/unforced/parachute-backend/internal/storage/sqlite/space_repository.go:152.3,155.30 3 0
github.com/unforced/parachute-backend/internal/storage/sqlite/space_repository.go:158.2,158.35 1 0
github.com/unforced/parachute-backend/internal/storage/sqlite/space_repository.go:158.35,160.3 1 0
github.com/unforced/parachute-backend/internal/storage/sqlite/space_repository.go:162.2,162.20 1 0
github.com/unforced/parachute-backend/internal/storage/sqlite/space_repository.go:166.77,183.16 4 0
github.com/unforced/parachute-backend/internal/storage/sqlite/space_repository.go:183.16,185.3 1 0
github.com/unforced/parachute-backend/internal/storage/sqlite/space_repository.go:187.2,188.16 2 0
github.com/unforced/parachute-backend/internal/storage/sqlite/space_repository.go:188.16,190.3 1 0
github.com/unforced/parachute-backend/internal/storage/sqlite/space_repository.go:192.2,192.15 1 0
github.com/unforced/parachute-backend/internal/storage/sqlite/space_repository.go:192.15,194.3 1 0
github.com/unforced/parachute-backend/internal/storage/sqlite/space_repository.go:196.2,196.12 1 0
github.com/unforced/parachute-backend/internal/storage/sqlite/space_repository.go:200.72,204.16 3 0
github.com/unforced/parachute-backend/internal/storage/sqlite/space_repository.go:204.16,206.3 1 0
github.com/unforced/parachute-backend/internal/storage/sqlite/space_repository.go:208.2,209.16 2 0
github.com/unforced/parachute-backend/internal/storage/sqlite/space_repository.go:209.16,211.3 1 0
github.com/unforced/parachute-backend/internal/storage/sqlite/space_repository.go:213.2,213.15 1 0
github.com/unforced/parachute-backend/internal/storage/sqlite/space_repository.go:213.15,215.3 1 0
github.com/unforced/parachute-backend/internal/storage/sqlite/space_repository.go:217.2,217.12 1 0
github.com/unforced/parachute-backend/internal/domain/conversation/service.go:17.43,19.2 1 0
github.com/unforced/parachute-backend/internal/domain/conversation/service.go:22.115,23.26 1 0
github.com/unforced/parachute-backend/internal/domain/conversation/service.go:23.26,25.3 1 0
github.com/unforced/parachute-backend/internal/domain/conversation/service.go:27.2,27.24 1 0
github.com/unforced/parachute-backend/internal/domain/conversation/service.go:27.24,29.3 1 0
github.com/unforced/parachute-backend/internal/domain/conversation/service.go:31.2,40.61 3 0
github.com/unforced/parachute-backend/internal/domain/conversation/service.go:40.61,42.3 1 0
github.com/unforced/parachute-backend/internal/domain/conversation/service.go:44.2,44.18 1 0
github.com/unforced/parachute-backend/internal/domain/conversation/service.go:48.90,50.2 1 0
github.com/unforced/parachute-backend/internal/domain/conversation/service.go:53.99,55.2 1 0
github.com/unforced/parachute-backend/internal/domain/conversation/service.go:58.107,60.16 2 0
github.com/unforced/parachute-backend/internal/domain/conversation/service.go:60.16,62.3 1 0
github.com/unforced/parachute-backend/internal/domain/conversation/service.go:64.2,66.61 2 0
github.com/unforced/parachute-backend/internal/domain/conversation/service.go:66.61,68.3 1 0
github.com/unforced/parachute-backend/internal/domain/conversation/service.go:70.2,70.18 1 0
github.com/unforced/parachute-backend/internal/domain/conversation/service.go:74.76,76.2 1 0
github.com/unforced/parachute-backend/internal/domain/conversation/service.go:79.100,80.33 1 0
github.com/unforced/parachute-backend/internal/domain/conversation/service.go:80.33,82.3 1 0
github.com/unforced/parachute-backend/internal/domain/conversation/service.go:84.2,84.23 1 0
github.com/unforced/parachute-backend/internal/domain/conversation/service.go:84.23,86.3 1 0
github.com/unforced/parachute-backend/internal/domain/conversation/service.go:88.2,88.57 1 0
github.com/unforced/parachute-backend/internal/domain/conversation/service.go:88.57,90.3 1 0
github.com/unforced/parachute-backend/internal/domain/conversation/service.go:92.2,92.26 1 0
github.com/unforced/parachute-backend/internal/domain/conversation/service.go:92.26,94.3 1 0
github.com/unforced/parachute-backend/internal/domain/conversation/service.go:96.2,105.55 2 0
github.com/unforced/parachute-backend/internal/domain/conversation/service.go:105.55,107.3 1 0
github.com/unforced/parachute-backend/internal/domain/conversation/service.go:110.2,111.16 2 0
github.com/unforced/parachute-backend/internal/domain/conversation/service.go:111.16,114.3 2 0
github.com/unforced/parachute-backend/internal/domain/conversation/service.go:116.2,116.17 1 0
github.com/unforced/parachute-backend/internal/domain/conversation/service.go:120.80,122.2 1 0
github.com/unforced/parachute-backend/internal/domain/conversation/service.go:125.96,127.2 1 0
github.com/unforced/parachute-backend/internal/domain/conversation/service.go:130.71,132.2 1 0
github.com/unforced/parachute-backend/internal/domain/file/service.go:22.52,24.44 1 0
github.com/unforced/parachute-backend/internal/domain/file/service.go:24.44,26.3 1 0
github.com/unforced/parachute-backend/internal/domain/file/service.go:29.2,30.48 2 0
github.com/unforced/parachute-backend/internal/domain/file/service.go:30.48,32.3 1 0
github.com/unforced/parachute-backend/internal/domain/file/service.go:34.2,35.46 2 0
github.com/unforced/parachute-backend/internal/domain/file/service.go:35.46,37.3 1 0
github.com/unforced/parachute-backend/internal/domain/file/service.go:39.2,41.8 1 0
github.com/unforced/parachute-backend/internal/domain/file/service.go:45.106,52.16 4 0
github.com/unforced/parachute-backend/internal/domain/file/service.go:52.16,54.3 1 0
github.com/unforced/parachute-backend/internal/domain/file/service.go:55.2,58.16 3 0
github.com/unforced/parachute-backend/internal/domain/file/service.go:58.16,60.3 1 0
github.com/unforced/parachute-backend/internal/domain/file/service.go:63.2,78.63 3 0
github.com/unforced/parachute-backend/internal/domain/file/service.go:78.63,80.3 1 0
github.com/unforced/parachute-backend/internal/domain/file/service.go:82.2,82.22 1 0
github.com/unforced/parachute-backend/internal/domain/file/service.go:86.78,89.54 2 0
github.com/unforced/parachute-backend/internal/domain/file/service.go:89.54,91.3 1 0
github.com/unforced/parachute-backend/internal/domain/file/service.go:94.2,95.16 2 0
github.com/unforced/parachute-backend/internal/domain/file/service.go:95.16,101.3 1 0
github.com/unforced/parachute-backend/internal/domain/file/service.go:104.2,117.69 8 0
github.com/unforced/parachute-backend/internal/domain/file/service.go:117.69,119.3 1 0
github.com/unforced/parachute-backend/internal/domain/file/service.go:122.2,122.63 1 0
github.com/unforced/parachute-backend/internal/domain/file/service.go:122.63,124.3 1 0
github.com/unforced/parachute-backend/internal/domain/file/service.go:126.2,126.12 1 0
github.com/unforced/parachute-backend/internal/domain/file/service.go:130.79,134.16 3 0
github.com/unforced/parachute-backend/internal/domain/file/service.go:134.16,136.3 1 0
github.com/unforced/parachute-backend/internal/domain/file/service.go:139.2,140.32 2 0
github.com/unforced/parachute-backend/internal/domain/file/service.go:140.32,141.64 1 0
github.com/unforced/parachute-backend/internal/domain/file/service.go:141.64,142.12 1 0
github.com/unforced/parachute-backend/internal/domain/file/service.go:146.3,147.17 2 0
github.com/unforced/parachute-backend/internal/domain/file/service.go:147.17,150.18 2 0
github.com/unforced/parachute-backend/internal/domain/file/service.go:150.18,151.13 1 0
github.com/unforced/parachute-backend/internal/domain/file/service.go:154.4,159.5 1 0
github.com/unforced/parachute-backend/internal/domain/file/service.go:162.3,173.29 2 0
github.com/unforced/parachute-backend/internal/domain/file/service.go:173.29,178.70 3 0
github.com/unforced/parachute-backend/internal/domain/file/service.go:178.70,180.5 1 0
github.com/unforced/parachute-backend/internal/domain/file/service.go:183.4,183.85 1 0
github.com/unforced/parachute-backend/internal/domain/file/service.go:183.85,185.5 1 0
github.com/unforced/parachute-backend/internal/domain/file/service.go:188.3,188.43 1 0
github.com/unforced/parachute-backend/internal/domain/file/service.go:192.2,192.43 1 0
github.com/unforced/parachute-backend/internal/domain/file/service.go:192.43,194.3 1 0
github.com/unforced/parachute-backend/internal/domain/file/service.go:196.2,199.29 2 0
github.com/unforced/parachute-backend/internal/domain/file/service.go:199.29,201.3 1 0
github.com/unforced/parachute-backend/internal/domain/file/service.go:203.2,204.25 2 0
github.com/unforced/parachute-backend/internal/domain/file/service.go:204.25,206.3 1 0
github.com/unforced/parachute-backend/internal/domain/file/service.go:208.2,208.41 1 0
github.com/unforced/parachute-backend/internal/domain/file/service.go:212.70,216.16 3 0
github.com/unforced/parachute-backend/internal/domain/file/service.go:216.16,217.25 1 0
github.com/unforced/parachute-backend/internal/domain/file/service.go:217.25,219.4 1 0
github.com/unforced/parachute-backend/internal/domain/file/service.go:220.3,220.60 1 0
github.com/unforced/parachute-backend/internal/domain/file/service.go:223.2,223.18 1 0
github.com/unforced/parachute-backend/internal/domain/file/service.go:227.66,232.16 4 0
github.com/unforced/parachute-backend/internal/domain/file/service.go:232.16,233.25 1 0
github.com/unforced/parachute-backend/internal/domain/file/service.go:233.25,235.4 1 0
github.com/unforced/parachute-backend/internal/domain/file/service.go:236.3,236.62 1 0
github.com/unforced/parachute-backend/internal/domain/file/service.go:239.2,239.29 1 0
github.com/unforced/parachute-backend/internal/domain/file/service.go:243.56,248.68 3 0
github.com/unforced/parachute-backend/internal/domain/file/service.go:248.68,250.3 1 0
github.com/unforced/parachute-backend/internal/domain/file/service.go:253.2,262.12 7 0
github.com/unforced/parachute-backend/internal/domain/file/service.go:267.86,272.16 4 0
github.com/unforced/parachute-backend/internal/domain/file/service.go:272.16,274.3 1 0
github.com/unforced/parachute-backend/internal/domain/file/service.go:276.2,276.43 1 0
github.com/unforced/parachute-backend/internal/domain/file/service.go:279.79,284.16 4 0
github.com/unforced/parachute-backend/internal/domain/file/service.go:284.16,286.3 1 0
github.com/unforced/parachute-backend/internal/domain/file/service.go:288.2,289.56 2 0
github.com/unforced/parachute-backend/internal/domain/file/service.go:289.56,291.3 1 0
github.com/unforced/parachute-backend/internal/domain/file/service.go:293.2,293.23 1 0
github.com/unforced/parachute-backend/internal/domain/file/service.go:296.58,301.2 4 0
github.com/unforced/parachute-backend/internal/domain/file/service.go:303.119,312.23 5 0
github.com/unforced/parachute-backend/internal/domain/file/service.go:312.23,314.3 1 0
github.com/unforced/parachute-backend/internal/domain/file/service.go:316.2,320.29 4 0
github.com/unforced/parachute-backend/internal/domain/file/service.go:320.29,322.3 1 0
github.com/unforced/parachute-backend/internal/domain/file/service.go:324.2,324.35 1 0
github.com/unforced/parachute-backend/internal/domain/file/service.go:324.35,326.3 1 0
github.com/unforced/parachute-backend/internal/domain/file/service.go:328.2,328.30 1 0
github.com/unforced/parachute-backend/internal/domain/file/service.go:328.30,330.3 1 0
github.com/unforced/parachute-backend/internal/domain/file/service.go:332.2,336.23 3 0
github.com/unforced/parachute-backend/internal/domain/file/service.go:336.23,338.3 1 0
github.com/unforced/parachute-backend/internal/domain/file/service.go:338.8,340.3 1 0
github.com/unforced/parachute-backend/internal/domain/file/service.go:341.2,346.35 4 0
github.com/unforced/parachute-backend/internal/domain/file/service.go:346.35,348.3 1 0
github.com/unforced/parachute-backend/internal/domain/file/service.go:350.2,356.20 4 0
github.com/unforced/parachute-backend/internal/domain/file/service.go:361.53,365.2 1 0
github.com/unforced/parachute-backend/internal/domain/file/service.go:368.60,371.20 2 0
github.com/unforced/parachute-backend/internal/domain/file/service.go:371.20,373.3 1 0
github.com/unforced/parachute-backend/internal/domain/file/service.go:375.2,380.25 4 0
github.com/unforced/parachute-backend/internal/domain/file/service.go:380.25,382.3 1 0
github.com/unforced/parachute-backend/internal/domain/file/service.go:385.2,386.25 2 0
github.com/unforced/parachute-backend/internal/domain/file/service.go:386.25,388.3 1 0
github.com/unforced/parachute-backend/internal/domain/file/service.go:391.2,394.16 4 0
github.com/unforced/parachute-backend/internal/domain/file/service.go:394.16,396.3 1 0
github.com/unforced/parachute-backend/internal/domain/file/service.go:398.2,398.10 1 0
github.com/unforced/parachute-backend/internal/domain/file/service.go:402.70,405.39 2 0
github.com/unforced/parachute-backend/internal/domain/file/service.go:405.39,407.3 1 0
github.com/unforced/parachute-backend/internal/domain/file/service.go:410.2,411.61 2 0
github.com/unforced/parachute-backend/internal/domain/file/service.go:411.61,414.3 2 0
github.com/unforced/parachute-backend/internal/domain/file/service.go:414.8,416.3 1 0
github.com/unforced/parachute-backend/internal/domain/file/service.go:419.2,419.45 1 0
github.com/unforced/parachute-backend/internal/domain/file/service.go:419.45,421.3 1 0
github.com/unforced/parachute-backend/internal/domain/file/service.go:423.2,424.16 2 0
github.com/unforced/parachute-backend/internal/domain/file/service.go:424.16,425.25 1 0
github.com/unforced/parachute-backend/internal/domain/file/service.go:425.25,427.4 1 0
github.com/unforced/parachute-backend/internal/domain/file/service.go:428.3,428.59 1 0
github.com/unforced/parachute-backend/internal/domain/file/service.go:431.2,431.19 1 0
github.com/unforced/parachute-backend/internal/domain/file/service.go:431.19,433.3 1 0
github.com/unforced/parachute-backend/internal/domain/file/service.go:436.2,437.16 2 0
github.com/unforced/parachute-backend/internal/domain/file/service.go:437.16,439.3 1 0
github.com/unforced/parachute-backend/internal/domain/file/service.go:442.2,445.32 3 0
github.com/unforced/parachute-backend/internal/domain/file/service.go:445.32,447.87 1 0
github.com/unforced/parachute-backend/internal/domain/file/service.go:447.87,448.12 1 0
github.com/unforced/parachute-backend/internal/domain/file/service.go:451.3,452.17 2 0
github.com/unforced/parachute-backend/internal/domain/file/service.go:452.17,453.12 1 0
github.com/unforced/parachute-backend/internal/domain/file/service.go:456.3,472.21 6 0
github.com/unforced/parachute-backend/internal/domain/file/service.go:472.21,474.4 1 0
github.com/unforced/parachute-backend/internal/domain/file/service.go:476.3,476.20 1 0
github.com/unforced/parachute-backend/internal/domain/file/service.go:476.20,478.4 1 0
github.com/unforced/parachute-backend/internal/domain/file/service.go:478.9,480.4 1 0
github.com/unforced/parachute-backend/internal/domain/file/service.go:484.2,484.40 1 0
github.com/unforced/parachute-backend/internal/domain/file/service.go:484.40,486.3 1 0
github.com/unforced/parachute-backend/internal/domain/file/service.go:487.2,487.46 1 0
github.com/unforced/parachute-backend/internal/domain/file/service.go:487.46,489.3 1 0
github.com/unforced/parachute-backend/internal/domain/file/service.go:492.2,493.21 2 0
github.com/unforced/parachute-backend/internal/domain/file/service.go:493.21,495.20 2 0
github.com/unforced/parachute-backend/internal/domain/file/service.go:495.20,497.4 1 0
github.com/unforced/parachute-backend/internal/domain/file/service.go:500.2,505.8 1 0
github.com/unforced/parachute-backend/internal/domain/file/service.go:509.65,512.39 2 0
github.com/unforced/parachute-backend/internal/domain/file/service.go:512.39,514.3 1 0
github.com/unforced/parachute-backend/internal/domain/file/service.go:517.2,520.45 2 0
github.com/unforced/parachute-backend/internal/domain/file/service.go:520.45,522.3 1 0
github.com/unforced/parachute-backend/internal/domain/file/service.go:525.2,526.16 2 0
github.com/unforced/parachute-backend/internal/domain/file/service.go:526.16,527.25 1 0
github.com/unforced/parachute-backend/internal/domain/file/service.go:527.25,529.4 1 0
github.com/unforced/parachute-backend/internal/domain/file/service.go:530.3,530.56 1 0
github.com/unforced/parachute-backend/internal/domain/file/service.go:533.2,533.29 1 0
github.com/unforced/parachute-backend/internal/domain/file/service.go:537.84,540.39 2 0
github.com/unforced/parachute-backend/internal/domain/file/service.go:540.39,542.3 1 0
github.com/unforced/parachute-backend/internal/domain/file/service.go:545.2,548.45 2 0
github.com/unforced/parachute-backend/internal/domain/file/service.go:548.45,550.3 1 0
github.com/unforced/parachute-backend/internal/domain/file/service.go:553.2,554.16 2 0
github.com/unforced/parachute-backend/internal/domain/file/service.go:554.16,555.25 1 0
github.com/unforced/parachute-backend/internal/domain/file/service.go:555.25,557.4 1 0
github.com/unforced/parachute-backend/internal/domain/file/service.go:558.3,558.61 1 0
github.com/unforced/parachute-backend/internal/domain/file/service.go:562.2,564.28 2 0
github.com/unforced/parachute-backend/internal/domain/file/service.go:568.35,570.16 2 0
github.com/unforced/parachute-backend/internal/domain/file/service.go:570.16,571.25 1 0
github.com/unforced/parachute-backend/internal/domain/file/service.go:571.25,573.4 1 0
github.com/unforced/parachute-backend/internal/domain/file/service.go:574.3,574.13 1 0
github.com/unforced/parachute-backend/internal/domain/file/service.go:577.2,577.19 1 0
github.com/unforced/parachute-backend/internal/domain/file/service.go:577.19,579.3 1 0
github.com/unforced/parachute-backend/internal/domain/file/service.go:581.2,581.12 1 0
github.com/unforced/parachute-backend/internal/domain/file/service.go:585.73,590.16 4 0
github.com/unforced/parachute-backend/internal/domain/file/service.go:590.16,592.3 1 0
github.com/unforced/parachute-backend/internal/domain/file/service.go:595.2,596.39 2 0
github.com/unforced/parachute-backend/internal/domain/file/service.go:596.39,598.3 1 0
github.com/unforced/parachute-backend/internal/domain/file/service.go:601.2,602.20 2 0
github.com/unforced/parachute-backend/internal/domain/file/service.go:602.20,604.3 1 0
github.com/unforced/parachute-backend/internal/domain/file/service.go:606.2,610.29 3 0
github.com/unforced/parachute-backend/internal/domain/file/service.go:610.29,611.40 1 0
github.com/unforced/parachute-backend/internal/domain/file/service.go:611.40,614.4 2 0
github.com/unforced/parachute-backend/internal/domain/file/service.go:617.2,617.11 1 0
github.com/unforced/parachute-backend/internal/domain/file/service.go:621.78,626.16 4 0
github.com/unforced/parachute-backend/internal/domain/file/service.go:626.16,628.3 1 0
github.com/unforced/parachute-backend/internal/domain/file/service.go:630.2,633.39 2 0
github.com/unforced/parachute-backend/internal/domain/file/service.go:633.39,635.3 1 0
github.com/unforced/parachute-backend/internal/domain/file/service.go:637.2,638.20 2 0
github.com/unforced/parachute-backend/internal/domain/file/service.go:638.20,640.3 1 0
github.com/unforced/parachute-backend/internal/domain/file/service.go:643.2,644.34 2 0
github.com/unforced/parachute-backend/internal/domain/file/service.go:644.34,646.3 1 0
github.com/unforced/parachute-backend/internal/domain/file/service.go:648.2,656.29 6 0
github.com/unforced/parachute-backend/internal/domain/file/service.go:656.29,658.58 1 0
github.com/unforced/parachute-backend/internal/domain/file/service.go:658.58,660.12 2 0
github.com/unforced/parachute-backend/internal/domain/file/service.go:664.3,664.18 1 0
github.com/unforced/parachute-backend/internal/domain/file/service.go:664.18,666.21 2 0
github.com/unforced/parachute-backend/internal/domain/file/service.go:666.21,667.13 1 0
github.com/unforced/parachute-backend/internal/domain/file/service.go:669.4,669.24 1 0
github.com/unforced/parachute-backend/internal/domain/file/service.go:669.24,672.13 3 0
github.com/unforced/parachute-backend/internal/domain/file/service.go:675.4,675.40 1 0
github.com/unforced/parachute-backend/internal/domain/file/service.go:675.40,676.13 1 0
github.com/unforced/parachute-backend/internal/domain/file/service.go:680.3,680.40 1 0
github.com/unforced/parachute-backend/internal/domain/file/service.go:680.40,682.4 1 0
github.com/unforced/parachute-backend/internal/domain/file/service.go:685.2,685.60 1 0
github.com/unforced/parachute-backend/internal/domain/space/context_service.go:19.78,23.2 1 1
github.com/unforced/parachute-backend/internal/domain/space/context_service.go:31.94,37.16 4 1
github.com/unforced/parachute-backend/internal/domain/space/context_service.go:37.16,40.3 1 0
github.com/unforced/parachute-backend/internal/domain/space/context_service.go:41.2,55.20 6 1
github.com/unforced/parachute-backend/internal/domain/space/context_service.go:59.75,62.16 3 1
github.com/unforced/parachute-backend/internal/domain/space/context_service.go:62.16,64.3 1 1
github.com/unforced/parachute-backend/internal/domain/space/context_service.go:65.2,65.77 1 1
github.com/unforced/parachute-backend/internal/domain/space/context_service.go:69.76,70.48 1 1
github.com/unforced/parachute-backend/internal/domain/space/context_service.go:70.48,72.3 1 1
github.com/unforced/parachute-backend/internal/domain/space/context_service.go:75.2,82.16 3 1
github.com/unforced/parachute-backend/internal/domain/space/context_service.go:82.16,84.3 1 1
github.com/unforced/parachute-backend/internal/domain/space/context_service.go:85.2,89.18 3 1
github.com/unforced/parachute-backend/internal/domain/space/context_service.go:89.18,91.46 2 1
github.com/unforced/parachute-backend/internal/domain/space/context_service.go:91.46,92.12 1 0
github.com/unforced/parachute-backend/internal/domain/space/context_service.go:95.3,96.65 2 1
github.com/unforced/parachute-backend/internal/domain/space/context_service.go:96.65,97.12 1 0
github.com/unforced/parachute-backend/internal/domain/space/context_service.go:100.3,100.28 1 1
github.com/unforced/parachute-backend/internal/domain/space/context_service.go:100.28,102.4 1 1
github.com/unforced/parachute-backend/internal/domain/space/context_service.go:106.2,111.36 3 1
github.com/unforced/parachute-backend/internal/domain/space/context_service.go:111.36,113.3 1 1
github.com/unforced/parachute-backend/internal/domain/space/context_service.go:116.2,116.36 1 1
github.com/unforced/parachute-backend/internal/domain/space/context_service.go:116.36,117.41 1 1
github.com/unforced/parachute-backend/internal/domain/space/context_service.go:117.41,118.43 1 1
github.com/unforced/parachute-backend/internal/domain/space/context_service.go:118.43,120.5 1 1
github.com/unforced/parachute-backend/internal/domain/space/context_service.go:125.2,126.26 2 1
github.com/unforced/parachute-backend/internal/domain/space/context_service.go:126.26,128.3 1 1
github.com/unforced/parachute-backend/internal/domain/space/context_service.go:130.2,130.16 1 1
github.com/unforced/parachute-backend/internal/domain/space/context_service.go:130.16,132.3 1 1
github.com/unforced/parachute-backend/internal/domain/space/context_service.go:135.2,136.29 2 1
github.com/unforced/parachute-backend/internal/domain/space/context_service.go:136.29,138.3 1 1
github.com/unforced/parachute-backend/internal/domain/space/context_service.go:140.2,140.82 1 1
github.com/unforced/parachute-backend/internal/domain/space/context_service.go:144.95,145.49 1 1
github.com/unforced/parachute-backend/internal/domain/space/context_service.go:145.49,147.3 1 1
github.com/unforced/parachute-backend/internal/domain/space/context_service.go:149.2,155.16 2 1
github.com/unforced/parachute-backend/internal/domain/space/context_service.go:155.16,157.3 1 0
github.com/unforced/parachute-backend/internal/domain/space/context_service.go:158.2,161.18 3 1
github.com/unforced/parachute-backend/internal/domain/space/context_service.go:161.18,166.74 4 1
github.com/unforced/parachute-backend/internal/domain/space/context_service.go:166.74,167.12 1 0
github.com/unforced/parachute-backend/internal/domain/space/context_service.go:171.3,175.27 3 1
github.com/unforced/parachute-backend/internal/domain/space/context_service.go:175.27,177.4 1 1
github.com/unforced/parachute-backend/internal/domain/space/context_service.go:177.9,179.4 1 1
github.com/unforced/parachute-backend/internal/domain/space/context_service.go:181.3,181.69 1 1
github.com/unforced/parachute-backend/internal/domain/space/context_service.go:184.2,184.21 1 1
github.com/unforced/parachute-backend/internal/domain/space/context_service.go:184.21,186.3 1 1
github.com/unforced/parachute-backend/internal/domain/space/context_service.go:188.2,188.80 1 1
github.com/unforced/parachute-backend/internal/domain/space/context_service.go:192.77,197.32 3 1
github.com/unforced/parachute-backend/internal/domain/space/context_service.go:197.32,208.17 5 1
github.com/unforced/parachute-backend/internal/domain/space/context_service.go:208.17,210.4 1 0
github.com/unforced/parachute-backend/internal/domain/space/context_service.go:210.9,212.4 1 1
github.com/unforced/parachute-backend/internal/domain/space/context_service.go:215.2,215.13 1 1
github.com/unforced/parachute-backend/internal/domain/space/database_service.go:21.74,25.2 1 1
github.com/unforced/parachute-backend/internal/domain/space/database_service.go:28.77,35.54 2 1
github.com/unforced/parachute-backend/internal/domain/space/database_service.go:35.54,37.3 1 1
github.com/unforced/parachute-backend/internal/domain/space/database_service.go:39.2,40.16 2 1
github.com/unforced/parachute-backend/internal/domain/space/database_service.go:40.16,42.3 1 0
github.com/unforced/parachute-backend/internal/domain/space/database_service.go:44.2,45.32 2 1
github.com/unforced/parachute-backend/internal/domain/space/database_service.go:45.32,46.21 1 1
github.com/unforced/parachute-backend/internal/domain/space/database_service.go:46.21,47.12 1 0
github.com/unforced/parachute-backend/internal/domain/space/database_service.go:50.3,54.44 3 1
github.com/unforced/parachute-backend/internal/domain/space/database_service.go:54.44,55.12 1 1
github.com/unforced/parachute-backend/internal/domain/space/database_service.go:60.3,61.71 2 1
github.com/unforced/parachute-backend/internal/domain/space/database_service.go:61.71,63.4 1 0
github.com/unforced/parachute-backend/internal/domain/space/database_service.go:65.3,65.13 1 1
github.com/unforced/parachute-backend/internal/domain/space/database_service.go:68.2,68.18 1 1
github.com/unforced/parachute-backend/internal/domain/space/database_service.go:68.18,70.3 1 1
github.com/unforced/parachute-backend/internal/domain/space/database_service.go:72.2,72.12 1 1
github.com/unforced/parachute-backend/internal/domain/space/database_service.go:97.89,101.53 2 1
github.com/unforced/parachute-backend/internal/domain/space/database_service.go:101.53,103.3 1 0
github.com/unforced/parachute-backend/internal/domain/space/database_service.go:106.2,107.16 2 1
github.com/unforced/parachute-backend/internal/domain/space/database_service.go:107.16,109.3 1 0
github.com/unforced/parachute-backend/internal/domain/space/database_service.go:110.2,113.63 2 1
github.com/unforced/parachute-backend/internal/domain/space/database_service.go:113.63,115.3 1 0
github.com/unforced/parachute-backend/internal/domain/space/database_service.go:118.2,141.43 2 1
github.com/unforced/parachute-backend/internal/domain/space/database_service.go:141.43,143.3 1 0
github.com/unforced/parachute-backend/internal/domain/space/database_service.go:146.2,151.26 4 1
github.com/unforced/parachute-backend/internal/domain/space/database_service.go:151.26,159.17 2 1
github.com/unforced/parachute-backend/internal/domain/space/database_service.go:159.17,161.4 1 0
github.com/unforced/parachute-backend/internal/domain/space/database_service.go:162.8,162.23 1 1
github.com/unforced/parachute-backend/internal/domain/space/database_service.go:162.23,164.3 1 0
github.com/unforced/parachute-backend/internal/domain/space/database_service.go:167.2,167.12 1 1
github.com/unforced/parachute-backend/internal/domain/space/database_service.go:171.119,175.16 3 1
github.com/unforced/parachute-backend/internal/domain/space/database_service.go:175.16,177.3 1 0
github.com/unforced/parachute-backend/internal/domain/space/database_service.go:178.2,182.16 3 1
github.com/unforced/parachute-backend/internal/domain/space/database_service.go:182.16,184.3 1 0
github.com/unforced/parachute-backend/internal/domain/space/database_service.go:187.2,198.16 4 1
github.com/unforced/parachute-backend/internal/domain/space/database_service.go:198.16,200.3 1 0
github.com/unforced/parachute-backend/internal/domain/space/database_service.go:202.2,202.12 1 1
github.com/unforced/parachute-backend/internal/domain/space/database_service.go:206.112,210.51 2 1
github.com/unforced/parachute-backend/internal/domain/space/database_service.go:210.51,212.3 1 1
github.com/unforced/parachute-backend/internal/domain/space/database_service.go:214.2,215.16 2 1
github.com/unforced/parachute-backend/internal/domain/space/database_service.go:215.16,217.3 1 0
github.com/unforced/parachute-backend/internal/domain/space/database_service.go:218.2,225.27 4 1
github.com/unforced/parachute-backend/internal/domain/space/database_service.go:225.27,228.36 1 1
github.com/unforced/parachute-backend/internal/domain/space/database_service.go:228.36,231.4 2 1
github.com/unforced/parachute-backend/internal/domain/space/database_service.go:234.2,234.30 1 1
github.com/unforced/parachute-backend/internal/domain/space/database_service.go:234.30,237.3 2 1
github.com/unforced/parachute-backend/internal/domain/space/database_service.go:239.2,239.28 1 1
github.com/unforced/parachute-backend/internal/domain/space/database_service.go:239.28,242.3 2 1
github.com/unforced/parachute-backend/internal/domain/space/database_service.go:245.2,248.23 2 1
github.com/unforced/parachute-backend/internal/domain/space/database_service.go:248.23,251.3 2 1
github.com/unforced/parachute-backend/internal/domain/space/database_service.go:252.2,252.24 1 1
github.com/unforced/parachute-backend/internal/domain/space/database_service.go:252.24,255.3 2 1
github.com/unforced/parachute-backend/internal/domain/space/database_service.go:257.2,258.16 2 1
github.com/unforced/parachute-backend/internal/domain/space/database_service.go:258.16,260.3 1 0
github.com/unforced/parachute-backend/internal/domain/space/database_service.go:261.2,264.18 3 1
github.com/unforced/parachute-backend/internal/domain/space/database_service.go:264.18,280.17 6 1
github.com/unforced/parachute-backend/internal/domain/space/database_service.go:280.17,282.4 1 0
github.com/unforced/parachute-backend/internal/domain/space/database_service.go:284.3,286.24 2 1
github.com/unforced/parachute-backend/internal/domain/space/database_service.go:286.24,289.4 2 0
github.com/unforced/parachute-backend/internal/domain/space/database_service.go:291.3,291.21 1 1
github.com/unforced/parachute-backend/internal/domain/space/database_service.go:291.21,292.78 1 1
github.com/unforced/parachute-backend/internal/domain/space/database_service.go:292.78,294.5 1 0
github.com/unforced/parachute-backend/internal/domain/space/database_service.go:297.3,297.54 1 1
github.com/unforced/parachute-backend/internal/domain/space/database_service.go:297.54,298.86 1 0
github.com/unforced/parachute-backend/internal/domain/space/database_service.go:298.86,300.5 1 0
github.com/unforced/parachute-backend/internal/domain/space/database_service.go:303.3,303.30 1 1
github.com/unforced/parachute-backend/internal/domain/space/database_service.go:306.2,306.19 1 1
github.com/unforced/parachute-backend/internal/domain/space/database_service.go:310.118,314.16 3 1
github.com/unforced/parachute-backend/internal/domain/space/database_service.go:314.16,316.3 1 0
github.com/unforced/parachute-backend/internal/domain/space/database_service.go:317.2,323.20 4 1
github.com/unforced/parachute-backend/internal/domain/space/database_service.go:323.20,326.3 2 1
github.com/unforced/parachute-backend/internal/domain/space/database_service.go:328.2,328.17 1 1
github.com/unforced/parachute-backend/internal/domain/space/database_service.go:328.17,330.17 2 1
github.com/unforced/parachute-backend/internal/domain/space/database_service.go:330.17,332.4 1 0
github.com/unforced/parachute-backend/internal/domain/space/database_service.go:333.3,334.40 2 1
github.com/unforced/parachute-backend/internal/domain/space/database_service.go:337.2,337.23 1 1
github.com/unforced/parachute-backend/internal/domain/space/database_service.go:337.23,339.3 1 1
github.com/unforced/parachute-backend/internal/domain/space/database_service.go:341.2,346.16 4 1
github.com/unforced/parachute-backend/internal/domain/space/database_service.go:346.16,348.3 1 0
github.com/unforced/parachute-backend/internal/domain/space/database_service.go:350.2,351.23 2 1
github.com/unforced/parachute-backend/internal/domain/space/database_service.go:351.23,353.3 1 1
github.com/unforced/parachute-backend/internal/domain/space/database_service.go:355.2,355.12 1 1
github.com/unforced/parachute-backend/internal/domain/space/database_service.go:359.78,363.16 3 1
github.com/unforced/parachute-backend/internal/domain/space/database_service.go:363.16,365.3 1 0
github.com/unforced/parachute-backend/internal/domain/space/database_service.go:366.2,369.16 3 1
github.com/unforced/parachute-backend/internal/domain/space/database_service.go:369.16,371.3 1 0
github.com/unforced/parachute-backend/internal/domain/space/database_service.go:373.2,374.23 2 1
github.com/unforced/parachute-backend/internal/domain/space/database_service.go:374.23,376.3 1 1
github.com/unforced/parachute-backend/internal/domain/space/database_service.go:378.2,378.12 1 1
github.com/unforced/parachute-backend/internal/domain/space/database_service.go:382.86,386.16 3 1
github.com/unforced/parachute-backend/internal/domain/space/database_service.go:386.16,388.3 1 0
github.com/unforced/parachute-backend/internal/domain/space/database_service.go:389.2,393.16 4 1
github.com/unforced/parachute-backend/internal/domain/space/database_service.go:393.16,395.3 1 0
github.com/unforced/parachute-backend/internal/domain/space/database_service.go:397.2,397.12 1 1
github.com/unforced/parachute-backend/internal/domain/space/database_service.go:401.96,405.51 2 1
github.com/unforced/parachute-backend/internal/domain/space/database_service.go:405.51,407.3 1 1
github.com/unforced/parachute-backend/internal/domain/space/database_service.go:409.2,410.16 2 1
github.com/unforced/parachute-backend/internal/domain/space/database_service.go:410.16,412.3 1 0
github.com/unforced/parachute-backend/internal/domain/space/database_service.go:413.2,434.26 7 1
github.com/unforced/parachute-backend/internal/domain/space/database_service.go:434.26,436.3 1 1
github.com/unforced/parachute-backend/internal/domain/space/database_service.go:437.2,437.16 1 1
github.com/unforced/parachute-backend/internal/domain/space/database_service.go:437.16,439.3 1 0
github.com/unforced/parachute-backend/internal/domain/space/database_service.go:441.2,443.23 2 1
github.com/unforced/parachute-backend/internal/domain/space/database_service.go:443.23,446.3 2 1
github.com/unforced/parachute-backend/internal/domain/space/database_service.go:448.2,448.20 1 1
github.com/unforced/parachute-backend/internal/domain/space/database_service.go:448.20,449.77 1 1
github.com/unforced/parachute-backend/internal/domain/space/database_service.go:449.77,451.4 1 0
github.com/unforced/parachute-backend/internal/domain/space/database_service.go:454.2,454.53 1 1
github.com/unforced/parachute-backend/internal/domain/space/database_service.go:454.53,455.85 1 1
github.com/unforced/parachute-backend/internal/domain/space/database_service.go:455.85,457.4 1 0
github.com/unforced/parachute-backend/internal/domain/space/database_service.go:460.2,460.19 1 1
github.com/unforced/parachute-backend/internal/domain/space/database_service.go:464.52,465.20 1 1
github.com/unforced/parachute-backend/internal/domain/space/database_service.go:465.20,467.3 1 0
github.com/unforced/parachute-backend/internal/domain/space/database_service.go:468.2,469.33 2 1
github.com/unforced/parachute-backend/internal/domain/space/database_service.go:469.33,471.3 1 1
github.com/unforced/parachute-backend/internal/domain/space/database_service.go:472.2,472.15 1 1
github.com/unforced/parachute-backend/internal/domain/space/database_service.go:488.96,492.51 2 1
github.com/unforced/parachute-backend/internal/domain/space/database_service.go:492.51,494.3 1 1
github.com/unforced/parachute-backend/internal/domain/space/database_service.go:496.2,497.16 2 1
github.com/unforced/parachute-backend/internal/domain/space/database_service.go:497.16,499.3 1 0
github.com/unforced/parachute-backend/internal/domain/space/database_service.go:500.2,508.16 4 1
github.com/unforced/parachute-backend/internal/domain/space/database_service.go:508.16,510.23 2 1
github.com/unforced/parachute-backend/internal/domain/space/database_service.go:510.23,512.54 2 1
github.com/unforced/parachute-backend/internal/domain/space/database_service.go:512.54,515.16 2 1
github.com/unforced/parachute-backend/internal/domain/space/database_service.go:516.27,517.33 1 1
github.com/unforced/parachute-backend/internal/domain/space/database_service.go:518.21,519.27 1 1
github.com/unforced/parachute-backend/internal/domain/space/database_service.go:520.23,523.33 3 1
github.com/unforced/parachute-backend/internal/domain/space/database_service.go:530.2,531.16 2 1
github.com/unforced/parachute-backend/internal/domain/space/database_service.go:531.16,533.3 1 0
github.com/unforced/parachute-backend/internal/domain/space/database_service.go:536.2,538.16 3 1
github.com/unforced/parachute-backend/internal/domain/space/database_service.go:538.16,540.22 2 1
github.com/unforced/parachute-backend/internal/domain/space/database_service.go:540.22,542.50 2 1
github.com/unforced/parachute-backend/internal/domain/space/database_service.go:542.50,544.67 2 1
github.com/unforced/parachute-backend/internal/domain/space/database_service.go:544.67,545.31 1 1
github.com/unforced/parachute-backend/internal/domain/space/database_service.go:545.31,547.7 1 1
github.com/unforced/parachute-backend/internal/domain/space/database_service.go:553.2,553.26 1 1
github.com/unforced/parachute-backend/internal/domain/space/database_service.go:553.26,555.3 1 1
github.com/unforced/parachute-backend/internal/domain/space/database_service.go:558.2,559.16 2 1
github.com/unforced/parachute-backend/internal/domain/space/database_service.go:559.16,561.3 1 1
github.com/unforced/parachute-backend/internal/domain/space/database_service.go:564.2,565.16 2 1
github.com/unforced/parachute-backend/internal/domain/space/database_service.go:565.16,567.24 2 1
github.com/unforced/parachute-backend/internal/domain/space/database_service.go:567.24,569.53 2 1
github.com/unforced/parachute-backend/internal/domain/space/database_service.go:569.53,571.5 1 1
github.com/unforced/parachute-backend/internal/domain/space/database_service.go:575.2,575.19 1 1
github.com/unforced/parachute-backend/internal/domain/space/database_service.go:590.99,594.51 2 1
github.com/unforced/parachute-backend/internal/domain/space/database_service.go:594.51,596.3 1 0
github.com/unforced/parachute-backend/internal/domain/space/database_service.go:598.2,599.16 2 1
github.com/unforced/parachute-backend/internal/domain/space/database_service.go:599.16,601.3 1 0
github.com/unforced/parachute-backend/internal/domain/space/database_service.go:602.2,607.33 3 1
github.com/unforced/parachute-backend/internal/domain/space/database_service.go:607.33,609.49 1 1
github.com/unforced/parachute-backend/internal/domain/space/database_service.go:609.49,611.9 2 1
github.com/unforced/parachute-backend/internal/domain/space/database_service.go:614.2,614.21 1 1
github.com/unforced/parachute-backend/internal/domain/space/database_service.go:614.21,616.3 1 1
github.com/unforced/parachute-backend/internal/domain/space/database_service.go:619.2,621.31 3 1
github.com/unforced/parachute-backend/internal/domain/space/database_service.go:621.31,623.3 1 1
github.com/unforced/parachute-backend/internal/domain/space/database_service.go:625.2,632.16 3 1
github.com/unforced/parachute-backend/internal/domain/space/database_service.go:632.16,634.3 1 0
github.com/unforced/parachute-backend/internal/domain/space/database_service.go:635.2,637.18 2 1
github.com/unforced/parachute-backend/internal/domain/space/database_service.go:637.18,641.85 4 1
github.com/unforced/parachute-backend/internal/domain/space/database_service.go:641.85,642.12 1 0
github.com/unforced/parachute-backend/internal/domain/space/database_service.go:644.3,644.48 1 1
github.com/unforced/parachute-backend/internal/domain/space/database_service.go:648.2,649.16 2 1
github.com/unforced/parachute-backend/internal/domain/space/database_service.go:649.16,651.3 1 0
github.com/unforced/parachute-backend/internal/domain/space/database_service.go:652.2,656.16 3 1
github.com/unforced/parachute-backend/internal/domain/space/database_service.go:656.16,658.3 1 0
github.com/unforced/parachute-backend/internal/domain/space/database_service.go:660.2,660.22 1 1
github.com/unforced/parachute-backend/internal/domain/space/database_service.go:660.22,664.25 3 1
github.com/unforced/parachute-backend/internal/domain/space/database_service.go:664.25,666.4 1 1
github.com/unforced/parachute-backend/internal/domain/space/database_service.go:668.3,668.53 1 1
github.com/unforced/parachute-backend/internal/domain/space/database_service.go:668.53,669.12 1 0
github.com/unforced/parachute-backend/internal/domain/space/database_service.go:673.3,674.38 2 1
github.com/unforced/parachute-backend/internal/domain/space/database_service.go:674.38,678.33 2 1
github.com/unforced/parachute-backend/internal/domain/space/database_service.go:678.33,680.5 1 0
github.com/unforced/parachute-backend/internal/domain/space/database_service.go:680.10,682.19 1 1
github.com/unforced/parachute-backend/internal/domain/space/database_service.go:682.19,684.6 1 1
github.com/unforced/parachute-backend/internal/domain/space/database_service.go:684.11,686.6 1 1
github.com/unforced/parachute-backend/internal/domain/space/database_service.go:690.4,691.39 2 1
github.com/unforced/parachute-backend/internal/domain/space/database_service.go:691.39,692.41 1 1
github.com/unforced/parachute-backend/internal/domain/space/database_service.go:692.41,694.58 1 1
github.com/unforced/parachute-backend/internal/domain/space/database_service.go:694.58,696.68 2 1
github.com/unforced/parachute-backend/internal/domain/space/database_service.go:696.68,698.8 1 1
github.com/unforced/parachute-backend/internal/domain/space/database_service.go:704.3,704.41 1 1
github.com/unforced/parachute-backend/internal/domain/space/database_service.go:707.2,708.20 2 1
github.com/unforced/parachute-backend/internal/domain/space/service.go:23.65,28.2 1 0
github.com/unforced/parachute-backend/internal/domain/space/service.go:32.39,52.2 9 0
github.com/unforced/parachute-backend/internal/domain/space/service.go:55.104,57.23 1 0
github.com/unforced/parachute-backend/internal/domain/space/service.go:57.23,59.3 1 0
github.com/unforced/parachute-backend/internal/domain/space/service.go:62.2,63.21 2 0
github.com/unforced/parachute-backend/internal/domain/space/service.go:63.21,65.3 1 0
github.com/unforced/parachute-backend/internal/domain/space/service.go:68.2,72.35 3 0
github.com/unforced/parachute-backend/internal/domain/space/service.go:72.35,74.3 1 0
github.com/unforced/parachute-backend/internal/domain/space/service.go:77.2,77.53 1 0
github.com/unforced/parachute-backend/internal/domain/space/service.go:77.53,79.3 1 0
github.com/unforced/parachute-backend/internal/domain/space/service.go:82.2,83.52 2 0
github.com/unforced/parachute-backend/internal/domain/space/service.go:83.52,85.3 1 0
github.com/unforced/parachute-backend/internal/domain/space/service.go:88.2,109.83 3 0
github.com/unforced/parachute-backend/internal/domain/space/service.go:109.83,111.3 1 0
github.com/unforced/parachute-backend/internal/domain/space/service.go:114.2,126.50 3 0
github.com/unforced/parachute-backend/internal/domain/space/service.go:126.50,128.3 1 0
github.com/unforced/parachute-backend/internal/domain/space/service.go:130.2,130.19 1 0
github.com/unforced/parachute-backend/internal/domain/space/service.go:134.75,136.16 2 0
github.com/unforced/parachute-backend/internal/domain/space/service.go:136.16,138.3 1 0
github.com/unforced/parachute-backend/internal/domain/space/service.go:139.2,139.19 1 0
github.com/unforced/parachute-backend/internal/domain/space/service.go:143.78,145.2 1 0
github.com/unforced/parachute-backend/internal/domain/space/service.go:148.100,151.16 2 0
github.com/unforced/parachute-backend/internal/domain/space/service.go:151.16,153.3 1 0
github.com/unforced/parachute-backend/internal/domain/space/service.go:156.2,156.23 1 0
github.com/unforced/parachute-backend/internal/domain/space/service.go:156.23,158.3 1 0
github.com/unforced/parachute-backend/internal/domain/space/service.go:159.2,159.23 1 0
github.com/unforced/parachute-backend/internal/domain/space/service.go:159.23,161.3 1 0
github.com/unforced/parachute-backend/internal/domain/space/service.go:162.2,162.24 1 0
github.com/unforced/parachute-backend/internal/domain/space/service.go:162.24,164.3 1 0
github.com/unforced/parachute-backend/internal/domain/space/service.go:167.2,167.50 1 0
github.com/unforced/parachute-backend/internal/domain/space/service.go:167.50,169.3 1 0
github.com/unforced/parachute-backend/internal/domain/space/service.go:171.2,171.19 1 0
github.com/unforced/parachute-backend/internal/domain/space/service.go:175.64,177.2 1 0
github.com/unforced/parachute-backend/internal/domain/space/service.go:180.56,182.2 1 0
github.com/unforced/parachute-backend/internal/domain/space/service.go:185.57,187.2 1 0
github.com/unforced/parachute-backend/internal/domain/space/service.go:191.62,195.16 3 0
github.com/unforced/parachute-backend/internal/domain/space/service.go:195.16,197.3 1 0
github.com/unforced/parachute-backend/internal/domain/space/service.go:200.2,202.16 3 0
github.com/unforced/parachute-backend/internal/domain/space/service.go:202.16,203.25 1 0
github.com/unforced/parachute-backend/internal/domain/space/service.go:203.25,205.4 1 0
github.com/unforced/parachute-backend/internal/domain/space/service.go:206.3,206.64 1 0
github.com/unforced/parachute-backend/internal/domain/space/service.go:209.2,209.26 1 0
